<?xml version="1.0" encoding="UTF-8"?>
<coverage generated="1762544596677" clover="3.2.0">
  <project timestamp="1762544596677" name="All files">
    <metrics statements="3" coveredstatements="3" conditionals="8" coveredconditionals="8" methods="3" coveredmethods="3" elements="14" coveredelements="14" complexity="0" loc="3" ncloc="3" packages="1" files="1" classes="1"/>
    <file name="Collapse.jsx" path="/Users/elenakitanova/Documents/OpenClassRooms/PROJET_8_OpenClassRooms/TesteurLogiciel_appli_location_immobiliere_React-main/kasa-app/src/composants/Collapse.jsx">
      <metrics statements="3" coveredstatements="3" conditionals="8" coveredconditionals="8" methods="3" coveredmethods="3"/>
      <line num="16" count="10" type="stmt"/>
      <line num="18" count="10" type="stmt"/>
      <line num="28" count="5" type="stmt"/>
    </file>
  </project>
</coverage>
