{"/Users/elenakitanova/Documents/OpenClassRooms/PROJET_8_OpenClassRooms/TesteurLogiciel_appli_location_immobiliere_React-main/kasa-app/src/composants/Banner.jsx": {"path":"/Users/elenakitanova/Documents/OpenClassRooms/PROJET_8_OpenClassRooms/TesteurLogiciel_appli_location_immobiliere_React-main/kasa-app/src/composants/Banner.jsx","statementMap":{"0":{"start":{"line":24,"column":22},"end":{"line":24,"column":47}},"1":{"start":{"line":26,"column":2},"end":{"line":38,"column":4}}},"fnMap":{"0":{"name":"Banner","decl":{"start":{"line":16,"column":24},"end":{"line":16,"column":30}},"loc":{"start":{"line":22,"column":3},"end":{"line":39,"column":1}},"line":22}},"branchMap":{"0":{"loc":{"start":{"line":17,"column":2},"end":{"line":17,"column":26}},"type":"default-arg","locations":[{"start":{"line":17,"column":13},"end":{"line":17,"column":26}}],"line":17},"1":{"loc":{"start":{"line":20,"column":2},"end":{"line":20,"column":42}},"type":"default-arg","locations":[{"start":{"line":20,"column":8},"end":{"line":20,"column":42}}],"line":20},"2":{"loc":{"start":{"line":24,"column":22},"end":{"line":24,"column":47}},"type":"binary-expr","locations":[{"start":{"line":24,"column":22},"end":{"line":24,"column":29}},{"start":{"line":24,"column":33},"end":{"line":24,"column":47}}],"line":24},"3":{"loc":{"start":{"line":28,"column":35},"end":{"line":28,"column":66}},"type":"cond-expr","locations":[{"start":{"line":28,"column":44},"end":{"line":28,"column":54}},{"start":{"line":28,"column":57},"end":{"line":28,"column":66}}],"line":28},"4":{"loc":{"start":{"line":33,"column":7},"end":{"line":33,"column":75}},"type":"binary-expr","locations":[{"start":{"line":33,"column":7},"end":{"line":33,"column":18}},{"start":{"line":33,"column":22},"end":{"line":33,"column":75}}],"line":33},"5":{"loc":{"start":{"line":36,"column":7},"end":{"line":36,"column":63}},"type":"cond-expr","locations":[{"start":{"line":36,"column":15},"end":{"line":36,"column":56}},{"start":{"line":36,"column":59},"end":{"line":36,"column":63}}],"line":36}},"s":{"0":2,"1":2},"f":{"0":2},"b":{"0":[1],"1":[1],"2":[2,2],"3":[1,1],"4":[2,1],"5":[1,1]},"_coverageSchema":"1a1c01bbd47fc00a2c39e90264f33305004495a9","hash":"eb5daf2b46c9e7aa19cb20fa5a7713945f721add"}
}
