{"/Users/elenakitanova/Documents/OpenClassRooms/PROJET_8_OpenClassRooms/TesteurLogiciel_appli_location_immobiliere_React-main/kasa-app/src/composants/Collapse.jsx": {"path":"/Users/elenakitanova/Documents/OpenClassRooms/PROJET_8_OpenClassRooms/TesteurLogiciel_appli_location_immobiliere_React-main/kasa-app/src/composants/Collapse.jsx","statementMap":{"0":{"start":{"line":16,"column":30},"end":{"line":16,"column":45}},"1":{"start":{"line":18,"column":2},"end":{"line":77,"column":4}},"2":{"start":{"line":27,"column":23},"end":{"line":27,"column":43}},"3":{"start":{"line":27,"column":40},"end":{"line":27,"column":42}}},"fnMap":{"0":{"name":"Collapse","decl":{"start":{"line":13,"column":24},"end":{"line":13,"column":32}},"loc":{"start":{"line":13,"column":53},"end":{"line":78,"column":1}},"line":13},"1":{"name":"(anonymous_1)","decl":{"start":{"line":27,"column":17},"end":{"line":27,"column":18}},"loc":{"start":{"line":27,"column":23},"end":{"line":27,"column":43}},"line":27},"2":{"name":"(anonymous_2)","decl":{"start":{"line":27,"column":33},"end":{"line":27,"column":34}},"loc":{"start":{"line":27,"column":40},"end":{"line":27,"column":42}},"line":27}},"branchMap":{"0":{"loc":{"start":{"line":26,"column":38},"end":{"line":26,"column":58}},"type":"cond-expr","locations":[{"start":{"line":26,"column":47},"end":{"line":26,"column":53}},{"start":{"line":26,"column":56},"end":{"line":26,"column":58}}],"line":26},"1":{"loc":{"start":{"line":37,"column":11},"end":{"line":61,"column":11}},"type":"cond-expr","locations":[{"start":{"line":39,"column":12},"end":{"line":48,"column":18}},{"start":{"line":51,"column":12},"end":{"line":60,"column":18}}],"line":37},"2":{"loc":{"start":{"line":70,"column":42},"end":{"line":70,"column":62}},"type":"cond-expr","locations":[{"start":{"line":70,"column":51},"end":{"line":70,"column":57}},{"start":{"line":70,"column":60},"end":{"line":70,"column":62}}],"line":70}},"s":{"0":10,"1":10,"2":5,"3":5},"f":{"0":10,"1":5,"2":5},"b":{"0":[4,6],"1":[4,6],"2":[4,6]},"_coverageSchema":"1a1c01bbd47fc00a2c39e90264f33305004495a9","hash":"2643cc8ed00b384efd8cfb62fb6ec07969649316"}
}
